[debug] [2025-03-04T04:08:01.048Z] ----------------------------------------------------------------------
[debug] [2025-03-04T04:08:01.054Z] Command:       C:\Program Files\nodejs\node.exe C:\Users\ter55\AppData\Roaming\npm\node_modules\firebase-tools\lib\bin\firebase.js init hosting
[debug] [2025-03-04T04:08:01.054Z] CLI Version:   13.32.0
[debug] [2025-03-04T04:08:01.054Z] Platform:      win32
[debug] [2025-03-04T04:08:01.055Z] Node Version:  v21.6.2
[debug] [2025-03-04T04:08:01.055Z] Time:          Tue Mar 04 2025 11:08:01 GMT+0700 (Indochina Time)
[debug] [2025-03-04T04:08:01.056Z] ----------------------------------------------------------------------
[debug] 
[debug] [2025-03-04T04:08:01.070Z] > command requires scopes: ["email","openid","https://www.googleapis.com/auth/cloudplatformprojects.readonly","https://www.googleapis.com/auth/firebase","https://www.googleapis.com/auth/cloud-platform"]
[debug] [2025-03-04T04:08:01.071Z] > authorizing via signed-in user (t.theerapat33@gmail.com)
[info] 
     ######## #### ########  ######## ########     ###     ######  ########
     ##        ##  ##     ## ##       ##     ##  ##   ##  ##       ##
     ######    ##  ########  ######   ########  #########  ######  ######
     ##        ##  ##    ##  ##       ##     ## ##     ##       ## ##
     ##       #### ##     ## ######## ########  ##     ##  ######  ########

You're about to initialize a Firebase project in this directory:

  E:\MYWORKs\UNIVERSITY\mornor\project\compete\eldermap

[info] 
=== Project Setup
[info] 
[info] First, let's associate this project directory with a Firebase project.
[info] You can create multiple project aliases by running firebase use --add, 
[info] but for now we'll just set up a default project.
[info] 
[debug] [2025-03-04T04:08:28.541Z] Checked if tokens are valid: false, expires at: 1691491706351
[debug] [2025-03-04T04:08:28.542Z] Checked if tokens are valid: false, expires at: 1691491706351
[debug] [2025-03-04T04:08:28.542Z] > refreshing access token with scopes: []
[debug] [2025-03-04T04:08:28.545Z] >>> [apiv2][query] POST https://www.googleapis.com/oauth2/v3/token [none]
[debug] [2025-03-04T04:08:28.545Z] >>> [apiv2][body] POST https://www.googleapis.com/oauth2/v3/token [omitted]
[debug] [2025-03-04T04:08:28.834Z] <<< [apiv2][status] POST https://www.googleapis.com/oauth2/v3/token 400
[debug] [2025-03-04T04:08:28.834Z] <<< [apiv2][body] POST https://www.googleapis.com/oauth2/v3/token [omitted]
[debug] [2025-03-04T04:08:28.835Z] >>> [apiv2][query] GET https://firebase.googleapis.com/v1beta1/availableProjects pageSize=100
[debug] [2025-03-04T04:08:29.271Z] <<< [apiv2][status] GET https://firebase.googleapis.com/v1beta1/availableProjects 401
[debug] [2025-03-04T04:08:29.271Z] <<< [apiv2][body] GET https://firebase.googleapis.com/v1beta1/availableProjects [omitted]
[debug] [2025-03-04T04:08:29.271Z] Got a 401 Unauthenticated error for a call that required authentication. Refreshing tokens.
[debug] [2025-03-04T04:08:29.271Z] Checked if tokens are valid: false, expires at: 1691491706351
[debug] [2025-03-04T04:08:29.271Z] Checked if tokens are valid: false, expires at: 1691491706351
[debug] [2025-03-04T04:08:29.271Z] > refreshing access token with scopes: []
[debug] [2025-03-04T04:08:29.272Z] >>> [apiv2][query] POST https://www.googleapis.com/oauth2/v3/token [none]
[debug] [2025-03-04T04:08:29.272Z] >>> [apiv2][body] POST https://www.googleapis.com/oauth2/v3/token [omitted]
[debug] [2025-03-04T04:08:29.337Z] <<< [apiv2][status] POST https://www.googleapis.com/oauth2/v3/token 400
[debug] [2025-03-04T04:08:29.338Z] <<< [apiv2][body] POST https://www.googleapis.com/oauth2/v3/token [omitted]
[debug] [2025-03-04T04:08:29.339Z] Request to https://firebase.googleapis.com/v1beta1/availableProjects?pageSize=100 had HTTP Error: 401, Request had invalid authentication credentials. Expected OAuth 2 access token, login cookie or other valid authentication credential. See https://developers.google.com/identity/sign-in/web/devconsole-project.
[debug] [2025-03-04T04:08:29.496Z] FirebaseError: Request to https://firebase.googleapis.com/v1beta1/availableProjects?pageSize=100 had HTTP Error: 401, Request had invalid authentication credentials. Expected OAuth 2 access token, login cookie or other valid authentication credential. See https://developers.google.com/identity/sign-in/web/devconsole-project.
    at responseToError (C:\Users\ter55\AppData\Roaming\npm\node_modules\firebase-tools\lib\responseToError.js:52:12)
    at RetryOperation._fn (C:\Users\ter55\AppData\Roaming\npm\node_modules\firebase-tools\lib\apiv2.js:312:77)
    at process.processTicksAndRejections (node:internal/process/task_queues:95:5)
[error] 
[error] Error: Failed to list available Google Cloud Platform projects. See firebase-debug.log for more info.
[debug] [2025-03-04T04:13:17.623Z] ----------------------------------------------------------------------
[debug] [2025-03-04T04:13:17.629Z] Command:       C:\Program Files\nodejs\node.exe C:\Users\ter55\AppData\Roaming\npm\node_modules\firebase-tools\lib\bin\firebase.js init hosting
[debug] [2025-03-04T04:13:17.630Z] CLI Version:   13.32.0
[debug] [2025-03-04T04:13:17.630Z] Platform:      win32
[debug] [2025-03-04T04:13:17.630Z] Node Version:  v21.6.2
[debug] [2025-03-04T04:13:17.631Z] Time:          Tue Mar 04 2025 11:13:17 GMT+0700 (Indochina Time)
[debug] [2025-03-04T04:13:17.631Z] ----------------------------------------------------------------------
[debug] 
[debug] [2025-03-04T04:13:17.646Z] > command requires scopes: ["email","openid","https://www.googleapis.com/auth/cloudplatformprojects.readonly","https://www.googleapis.com/auth/firebase","https://www.googleapis.com/auth/cloud-platform"]
[debug] [2025-03-04T04:13:17.647Z] > authorizing via signed-in user (t.theerapat33@gmail.com)
[info] 
     ######## #### ########  ######## ########     ###     ######  ########
     ##        ##  ##     ## ##       ##     ##  ##   ##  ##       ##
     ######    ##  ########  ######   ########  #########  ######  ######
     ##        ##  ##    ##  ##       ##     ## ##     ##       ## ##
     ##       #### ##     ## ######## ########  ##     ##  ######  ########

You're about to initialize a Firebase project in this directory:

  E:\MYWORKs\UNIVERSITY\mornor\project\compete\eldermap

[info] 
=== Project Setup
[info] 
[info] First, let's associate this project directory with a Firebase project.
[info] You can create multiple project aliases by running firebase use --add, 
[info] but for now we'll just set up a default project.
[info] 
[info] i  If you want to create a project in a Google Cloud organization or folder, please use "firebase projects:create" instead, and return to this command when you've created the project. 
[debug] [2025-03-04T04:13:31.934Z] Checked if tokens are valid: false, expires at: 1691491706351
[debug] [2025-03-04T04:13:31.934Z] Checked if tokens are valid: false, expires at: 1691491706351
[debug] [2025-03-04T04:13:31.935Z] > refreshing access token with scopes: []
[debug] [2025-03-04T04:13:31.938Z] >>> [apiv2][query] POST https://www.googleapis.com/oauth2/v3/token [none]
[debug] [2025-03-04T04:13:31.938Z] >>> [apiv2][body] POST https://www.googleapis.com/oauth2/v3/token [omitted]
[debug] [2025-03-04T04:13:32.221Z] <<< [apiv2][status] POST https://www.googleapis.com/oauth2/v3/token 400
[debug] [2025-03-04T04:13:32.221Z] <<< [apiv2][body] POST https://www.googleapis.com/oauth2/v3/token [omitted]
[debug] [2025-03-04T04:13:32.222Z] >>> [apiv2][query] POST https://cloudresourcemanager.googleapis.com/v1/projects [none]
[debug] [2025-03-04T04:13:32.222Z] >>> [apiv2][body] POST https://cloudresourcemanager.googleapis.com/v1/projects {"projectId":"eldermap","name":"eldermap"}
[debug] [2025-03-04T04:13:33.470Z] <<< [apiv2][status] POST https://cloudresourcemanager.googleapis.com/v1/projects 401
[debug] [2025-03-04T04:13:33.470Z] <<< [apiv2][body] POST https://cloudresourcemanager.googleapis.com/v1/projects {"error":{"code":401,"message":"Request had invalid authentication credentials. Expected OAuth 2 access token, login cookie or other valid authentication credential. See https://developers.google.com/identity/sign-in/web/devconsole-project.","status":"UNAUTHENTICATED","details":[{"@type":"type.googleapis.com/google.rpc.ErrorInfo","reason":"ACCESS_TOKEN_TYPE_UNSUPPORTED","metadata":{"method":"google.cloudresourcemanager.v1.Projects.CreateProject","service":"cloudresourcemanager.googleapis.com"}}]}}
[debug] [2025-03-04T04:13:33.471Z] Got a 401 Unauthenticated error for a call that required authentication. Refreshing tokens.
[debug] [2025-03-04T04:13:33.471Z] Checked if tokens are valid: false, expires at: 1691491706351
[debug] [2025-03-04T04:13:33.471Z] Checked if tokens are valid: false, expires at: 1691491706351
[debug] [2025-03-04T04:13:33.471Z] > refreshing access token with scopes: []
[debug] [2025-03-04T04:13:33.472Z] >>> [apiv2][query] POST https://www.googleapis.com/oauth2/v3/token [none]
[debug] [2025-03-04T04:13:33.472Z] >>> [apiv2][body] POST https://www.googleapis.com/oauth2/v3/token [omitted]
[debug] [2025-03-04T04:13:33.537Z] <<< [apiv2][status] POST https://www.googleapis.com/oauth2/v3/token 400
[debug] [2025-03-04T04:13:33.537Z] <<< [apiv2][body] POST https://www.googleapis.com/oauth2/v3/token [omitted]
[debug] [2025-03-04T04:13:33.728Z] FirebaseError: Request to https://cloudresourcemanager.googleapis.com/v1/projects had HTTP Error: 401, Request had invalid authentication credentials. Expected OAuth 2 access token, login cookie or other valid authentication credential. See https://developers.google.com/identity/sign-in/web/devconsole-project.
    at responseToError (C:\Users\ter55\AppData\Roaming\npm\node_modules\firebase-tools\lib\responseToError.js:52:12)
    at RetryOperation._fn (C:\Users\ter55\AppData\Roaming\npm\node_modules\firebase-tools\lib\apiv2.js:312:77)
    at process.processTicksAndRejections (node:internal/process/task_queues:95:5)
[error] 
[error] Error: Failed to create project. See firebase-debug.log for more info.
